  map.cpp
d:\7v\игра\игра\map.cpp(54): warning C4244: аргумент: преобразование "int" в "float", возможна потеря данных
  player.cpp
d:\7v\игра\игра\view.h(27): warning C4244: аргумент: преобразование "double" в "float", возможна потеря данных
d:\7v\игра\игра\view.h(31): warning C4244: аргумент: преобразование "double" в "float", возможна потеря данных
d:\7v\игра\игра\view.h(35): warning C4244: аргумент: преобразование "double" в "float", возможна потеря данных
d:\7v\игра\игра\view.h(38): warning C4244: аргумент: преобразование "double" в "float", возможна потеря данных
d:\7v\игра\игра\player.cpp(25): warning C4244: аргумент: преобразование "float" в "T", возможна потеря данных
          with
          [
              T=int
          ]
d:\7v\игра\игра\player.cpp(81): warning C4244: =: преобразование "sf::Int64" в "float", возможна потеря данных
d:\7v\игра\игра\player.cpp(94): warning C4305: =: усечение из "double" в "float"
d:\7v\игра\игра\player.cpp(95): warning C4244: +=: преобразование "double" в "float", возможна потеря данных
d:\7v\игра\игра\player.cpp(103): warning C4305: =: усечение из "double" в "float"
d:\7v\игра\игра\player.cpp(104): warning C4244: +=: преобразование "double" в "float", возможна потеря данных
d:\7v\игра\игра\player.cpp(111): warning C4305: =: усечение из "double" в "float"
d:\7v\игра\игра\player.cpp(112): warning C4244: +=: преобразование "double" в "float", возможна потеря данных
d:\7v\игра\игра\player.cpp(119): warning C4305: =: усечение из "double" в "float"
d:\7v\игра\игра\player.cpp(120): warning C4244: +=: преобразование "double" в "float", возможна потеря данных
d:\7v\игра\игра\player.cpp(141): warning C4244: инициализация: преобразование "float" в "int", возможна потеря данных
d:\7v\игра\игра\player.cpp(142): warning C4244: инициализация: преобразование "float" в "int", возможна потеря данных
d:\7v\игра\игра\player.cpp(152): warning C4244: =: преобразование "int" в "float", возможна потеря данных
d:\7v\игра\игра\player.cpp(160): warning C4244: =: преобразование "int" в "float", возможна потеря данных
  Создание кода...
  игра.vcxproj -> D:\7v\игра\Debug\игра.exe
